Expression	Value	Location	Type	
timlmp	Error (col 1): Unknown or ambiguous symbol. timlmp			
aADCxConvertedData	<array>	0x20000408	uint16_t[256]	
[0]	1804	0x20000408	uint16_t	
[1]	2145	0x2000040A	uint16_t	
[2]	1805	0x2000040C	uint16_t	
[3]	2144	0x2000040E	uint16_t	
[4]	1803	0x20000410	uint16_t	
[5]	2145	0x20000412	uint16_t	
[6]	1805	0x20000414	uint16_t	
[7]	2144	0x20000416	uint16_t	
[8]	1804	0x20000418	uint16_t	
[9]	2145	0x2000041A	uint16_t	
[10]	1805	0x2000041C	uint16_t	
[11]	2146	0x2000041E	uint16_t	
[12]	1805	0x20000420	uint16_t	
[13]	2144	0x20000422	uint16_t	
[14]	1805	0x20000424	uint16_t	
[15]	2145	0x20000426	uint16_t	
[16]	1805	0x20000428	uint16_t	
[17]	2145	0x2000042A	uint16_t	
[18]	1805	0x2000042C	uint16_t	
[19]	2145	0x2000042E	uint16_t	
[20]	1806	0x20000430	uint16_t	
[21]	2146	0x20000432	uint16_t	
[22]	1804	0x20000434	uint16_t	
[23]	2144	0x20000436	uint16_t	
[24]	1808	0x20000438	uint16_t	
[25]	2145	0x2000043A	uint16_t	
[26]	1806	0x2000043C	uint16_t	
[27]	2146	0x2000043E	uint16_t	
[28]	1807	0x20000440	uint16_t	
[29]	2145	0x20000442	uint16_t	
[30]	1805	0x20000444	uint16_t	
[31]	2146	0x20000446	uint16_t	
[32]	1805	0x20000448	uint16_t	
[33]	2146	0x2000044A	uint16_t	
[34]	1807	0x2000044C	uint16_t	
[35]	2145	0x2000044E	uint16_t	
[36]	1806	0x20000450	uint16_t	
[37]	2145	0x20000452	uint16_t	
[38]	1806	0x20000454	uint16_t	
[39]	2145	0x20000456	uint16_t	
[40]	1806	0x20000458	uint16_t	
[41]	2146	0x2000045A	uint16_t	
[42]	1806	0x2000045C	uint16_t	
[43]	2145	0x2000045E	uint16_t	
[44]	1806	0x20000460	uint16_t	
[45]	2146	0x20000462	uint16_t	
[46]	1807	0x20000464	uint16_t	
[47]	2147	0x20000466	uint16_t	
[48]	1807	0x20000468	uint16_t	
[49]	2146	0x2000046A	uint16_t	
[50]	1806	0x2000046C	uint16_t	
[51]	2145	0x2000046E	uint16_t	
[52]	1806	0x20000470	uint16_t	
[53]	2146	0x20000472	uint16_t	
[54]	1808	0x20000474	uint16_t	
[55]	2145	0x20000476	uint16_t	
[56]	1806	0x20000478	uint16_t	
[57]	2146	0x2000047A	uint16_t	
[58]	1807	0x2000047C	uint16_t	
[59]	2146	0x2000047E	uint16_t	
[60]	1807	0x20000480	uint16_t	
[61]	2146	0x20000482	uint16_t	
[62]	1808	0x20000484	uint16_t	
[63]	2146	0x20000486	uint16_t	
[64]	1808	0x20000488	uint16_t	
[65]	2146	0x2000048A	uint16_t	
[66]	1808	0x2000048C	uint16_t	
[67]	2145	0x2000048E	uint16_t	
[68]	1809	0x20000490	uint16_t	
[69]	2146	0x20000492	uint16_t	
[70]	1807	0x20000494	uint16_t	
[71]	2147	0x20000496	uint16_t	
[72]	1810	0x20000498	uint16_t	
[73]	2147	0x2000049A	uint16_t	
[74]	1809	0x2000049C	uint16_t	
[75]	2147	0x2000049E	uint16_t	
[76]	1810	0x200004A0	uint16_t	
[77]	2147	0x200004A2	uint16_t	
[78]	1808	0x200004A4	uint16_t	
[79]	2147	0x200004A6	uint16_t	
[80]	1809	0x200004A8	uint16_t	
[81]	2147	0x200004AA	uint16_t	
[82]	1810	0x200004AC	uint16_t	
[83]	2147	0x200004AE	uint16_t	
[84]	1808	0x200004B0	uint16_t	
[85]	2148	0x200004B2	uint16_t	
[86]	1809	0x200004B4	uint16_t	
[87]	2148	0x200004B6	uint16_t	
[88]	1810	0x200004B8	uint16_t	
[89]	2147	0x200004BA	uint16_t	
[90]	1810	0x200004BC	uint16_t	
[91]	2148	0x200004BE	uint16_t	
[92]	1810	0x200004C0	uint16_t	
[93]	2148	0x200004C2	uint16_t	
[94]	1810	0x200004C4	uint16_t	
[95]	2148	0x200004C6	uint16_t	
[96]	1810	0x200004C8	uint16_t	
[97]	2147	0x200004CA	uint16_t	
[98]	1810	0x200004CC	uint16_t	
[99]	2148	0x200004CE	uint16_t	
[100]	1810	0x200004D0	uint16_t	
[101]	2149	0x200004D2	uint16_t	
[102]	1811	0x200004D4	uint16_t	
[103]	2148	0x200004D6	uint16_t	
[104]	1811	0x200004D8	uint16_t	
[105]	2149	0x200004DA	uint16_t	
[106]	1811	0x200004DC	uint16_t	
[107]	2150	0x200004DE	uint16_t	
[108]	1811	0x200004E0	uint16_t	
[109]	2150	0x200004E2	uint16_t	
[110]	1810	0x200004E4	uint16_t	
[111]	2148	0x200004E6	uint16_t	
[112]	1811	0x200004E8	uint16_t	
[113]	2149	0x200004EA	uint16_t	
[114]	1811	0x200004EC	uint16_t	
[115]	2150	0x200004EE	uint16_t	
[116]	1811	0x200004F0	uint16_t	
[117]	2149	0x200004F2	uint16_t	
[118]	1812	0x200004F4	uint16_t	
[119]	2150	0x200004F6	uint16_t	
[120]	1812	0x200004F8	uint16_t	
[121]	2150	0x200004FA	uint16_t	
[122]	1811	0x200004FC	uint16_t	
[123]	2149	0x200004FE	uint16_t	
[124]	1812	0x20000500	uint16_t	
[125]	2149	0x20000502	uint16_t	
[126]	1812	0x20000504	uint16_t	
[127]	2150	0x20000506	uint16_t	
[128]	1812	0x20000508	uint16_t	
[129]	2151	0x2000050A	uint16_t	
[130]	1812	0x2000050C	uint16_t	
[131]	2150	0x2000050E	uint16_t	
[132]	1813	0x20000510	uint16_t	
[133]	2151	0x20000512	uint16_t	
[134]	1812	0x20000514	uint16_t	
[135]	2151	0x20000516	uint16_t	
[136]	1813	0x20000518	uint16_t	
[137]	2150	0x2000051A	uint16_t	
[138]	1814	0x2000051C	uint16_t	
[139]	2151	0x2000051E	uint16_t	
[140]	1813	0x20000520	uint16_t	
[141]	2151	0x20000522	uint16_t	
[142]	1814	0x20000524	uint16_t	
[143]	2152	0x20000526	uint16_t	
[144]	1813	0x20000528	uint16_t	
[145]	2151	0x2000052A	uint16_t	
[146]	1814	0x2000052C	uint16_t	
[147]	2152	0x2000052E	uint16_t	
[148]	1815	0x20000530	uint16_t	
[149]	2151	0x20000532	uint16_t	
[150]	1814	0x20000534	uint16_t	
[151]	2152	0x20000536	uint16_t	
[152]	1813	0x20000538	uint16_t	
[153]	2152	0x2000053A	uint16_t	
[154]	1814	0x2000053C	uint16_t	
[155]	2152	0x2000053E	uint16_t	
[156]	1815	0x20000540	uint16_t	
[157]	2152	0x20000542	uint16_t	
[158]	1814	0x20000544	uint16_t	
[159]	2151	0x20000546	uint16_t	
[160]	1814	0x20000548	uint16_t	
[161]	2151	0x2000054A	uint16_t	
[162]	1813	0x2000054C	uint16_t	
[163]	2152	0x2000054E	uint16_t	
[164]	1814	0x20000550	uint16_t	
[165]	2152	0x20000552	uint16_t	
[166]	1815	0x20000554	uint16_t	
[167]	2152	0x20000556	uint16_t	
[168]	1815	0x20000558	uint16_t	
[169]	2152	0x2000055A	uint16_t	
[170]	1815	0x2000055C	uint16_t	
[171]	2152	0x2000055E	uint16_t	
[172]	1815	0x20000560	uint16_t	
[173]	2153	0x20000562	uint16_t	
[174]	1817	0x20000564	uint16_t	
[175]	2152	0x20000566	uint16_t	
[176]	1815	0x20000568	uint16_t	
[177]	2153	0x2000056A	uint16_t	
[178]	1815	0x2000056C	uint16_t	
[179]	2154	0x2000056E	uint16_t	
[180]	1816	0x20000570	uint16_t	
[181]	2153	0x20000572	uint16_t	
[182]	1815	0x20000574	uint16_t	
[183]	2152	0x20000576	uint16_t	
[184]	1815	0x20000578	uint16_t	
[185]	2154	0x2000057A	uint16_t	
[186]	1817	0x2000057C	uint16_t	
[187]	2153	0x2000057E	uint16_t	
[188]	1816	0x20000580	uint16_t	
[189]	2153	0x20000582	uint16_t	
[190]	1816	0x20000584	uint16_t	
[191]	2153	0x20000586	uint16_t	
[192]	1816	0x20000588	uint16_t	
[193]	2154	0x2000058A	uint16_t	
[194]	1816	0x2000058C	uint16_t	
[195]	2154	0x2000058E	uint16_t	
[196]	1816	0x20000590	uint16_t	
[197]	2153	0x20000592	uint16_t	
[198]	1818	0x20000594	uint16_t	
[199]	2154	0x20000596	uint16_t	
[200]	1817	0x20000598	uint16_t	
[201]	2154	0x2000059A	uint16_t	
[202]	1816	0x2000059C	uint16_t	
[203]	2155	0x2000059E	uint16_t	
[204]	1817	0x200005A0	uint16_t	
[205]	2154	0x200005A2	uint16_t	
[206]	1817	0x200005A4	uint16_t	
[207]	2154	0x200005A6	uint16_t	
[208]	1817	0x200005A8	uint16_t	
[209]	2155	0x200005AA	uint16_t	
[210]	1818	0x200005AC	uint16_t	
[211]	2154	0x200005AE	uint16_t	
[212]	1819	0x200005B0	uint16_t	
[213]	2154	0x200005B2	uint16_t	
[214]	1819	0x200005B4	uint16_t	
[215]	2155	0x200005B6	uint16_t	
[216]	1818	0x200005B8	uint16_t	
[217]	2154	0x200005BA	uint16_t	
[218]	1818	0x200005BC	uint16_t	
[219]	2155	0x200005BE	uint16_t	
[220]	1819	0x200005C0	uint16_t	
[221]	2155	0x200005C2	uint16_t	
[222]	1818	0x200005C4	uint16_t	
[223]	2154	0x200005C6	uint16_t	
[224]	1819	0x200005C8	uint16_t	
[225]	2155	0x200005CA	uint16_t	
[226]	1819	0x200005CC	uint16_t	
[227]	2156	0x200005CE	uint16_t	
[228]	1819	0x200005D0	uint16_t	
[229]	2157	0x200005D2	uint16_t	
[230]	1819	0x200005D4	uint16_t	
[231]	2155	0x200005D6	uint16_t	
[232]	1819	0x200005D8	uint16_t	
[233]	2157	0x200005DA	uint16_t	
[234]	1819	0x200005DC	uint16_t	
[235]	2157	0x200005DE	uint16_t	
[236]	1820	0x200005E0	uint16_t	
[237]	2156	0x200005E2	uint16_t	
[238]	1820	0x200005E4	uint16_t	
[239]	2156	0x200005E6	uint16_t	
[240]	1820	0x200005E8	uint16_t	
[241]	2157	0x200005EA	uint16_t	
[242]	1820	0x200005EC	uint16_t	
[243]	2157	0x200005EE	uint16_t	
[244]	1820	0x200005F0	uint16_t	
[245]	2157	0x200005F2	uint16_t	
[246]	1820	0x200005F4	uint16_t	
[247]	2156	0x200005F6	uint16_t	
[248]	1820	0x200005F8	uint16_t	
[249]	2157	0x200005FA	uint16_t	
[250]	1820	0x200005FC	uint16_t	
[251]	2156	0x200005FE	uint16_t	
[252]	1820	0x20000600	uint16_t	
[253]	2156	0x20000602	uint16_t	
[254]	1821	0x20000604	uint16_t	
[255]	2158	0x20000606	uint16_t	
