Expression	Value	Location	Type	
timlmp	Error (col 1): Unknown or ambiguous symbol. timlmp			
aADCxConvertedData	<array>	0x20000408	uint16_t[256]	
[0]	2236	0x20000408	uint16_t	
[1]	2057	0x2000040A	uint16_t	
[2]	2235	0x2000040C	uint16_t	
[3]	2056	0x2000040E	uint16_t	
[4]	2237	0x20000410	uint16_t	
[5]	2058	0x20000412	uint16_t	
[6]	2235	0x20000414	uint16_t	
[7]	2056	0x20000416	uint16_t	
[8]	2235	0x20000418	uint16_t	
[9]	2054	0x2000041A	uint16_t	
[10]	2235	0x2000041C	uint16_t	
[11]	2058	0x2000041E	uint16_t	
[12]	2236	0x20000420	uint16_t	
[13]	2055	0x20000422	uint16_t	
[14]	2233	0x20000424	uint16_t	
[15]	2055	0x20000426	uint16_t	
[16]	2238	0x20000428	uint16_t	
[17]	2057	0x2000042A	uint16_t	
[18]	2235	0x2000042C	uint16_t	
[19]	2057	0x2000042E	uint16_t	
[20]	2236	0x20000430	uint16_t	
[21]	2055	0x20000432	uint16_t	
[22]	2236	0x20000434	uint16_t	
[23]	2057	0x20000436	uint16_t	
[24]	2235	0x20000438	uint16_t	
[25]	2056	0x2000043A	uint16_t	
[26]	2235	0x2000043C	uint16_t	
[27]	2055	0x2000043E	uint16_t	
[28]	2235	0x20000440	uint16_t	
[29]	2057	0x20000442	uint16_t	
[30]	2236	0x20000444	uint16_t	
[31]	2056	0x20000446	uint16_t	
[32]	2236	0x20000448	uint16_t	
[33]	2056	0x2000044A	uint16_t	
[34]	2234	0x2000044C	uint16_t	
[35]	2056	0x2000044E	uint16_t	
[36]	2235	0x20000450	uint16_t	
[37]	2055	0x20000452	uint16_t	
[38]	2235	0x20000454	uint16_t	
[39]	2057	0x20000456	uint16_t	
[40]	2235	0x20000458	uint16_t	
[41]	2056	0x2000045A	uint16_t	
[42]	2235	0x2000045C	uint16_t	
[43]	2057	0x2000045E	uint16_t	
[44]	2233	0x20000460	uint16_t	
[45]	2056	0x20000462	uint16_t	
[46]	2236	0x20000464	uint16_t	
[47]	2056	0x20000466	uint16_t	
[48]	2234	0x20000468	uint16_t	
[49]	2056	0x2000046A	uint16_t	
[50]	2236	0x2000046C	uint16_t	
[51]	2056	0x2000046E	uint16_t	
[52]	2235	0x20000470	uint16_t	
[53]	2056	0x20000472	uint16_t	
[54]	2234	0x20000474	uint16_t	
[55]	2056	0x20000476	uint16_t	
[56]	2234	0x20000478	uint16_t	
[57]	2055	0x2000047A	uint16_t	
[58]	2235	0x2000047C	uint16_t	
[59]	2056	0x2000047E	uint16_t	
[60]	2235	0x20000480	uint16_t	
[61]	2056	0x20000482	uint16_t	
[62]	2235	0x20000484	uint16_t	
[63]	2056	0x20000486	uint16_t	
[64]	2236	0x20000488	uint16_t	
[65]	2056	0x2000048A	uint16_t	
[66]	2234	0x2000048C	uint16_t	
[67]	2054	0x2000048E	uint16_t	
[68]	2233	0x20000490	uint16_t	
[69]	2056	0x20000492	uint16_t	
[70]	2236	0x20000494	uint16_t	
[71]	2055	0x20000496	uint16_t	
[72]	2235	0x20000498	uint16_t	
[73]	2055	0x2000049A	uint16_t	
[74]	2236	0x2000049C	uint16_t	
[75]	2055	0x2000049E	uint16_t	
[76]	2235	0x200004A0	uint16_t	
[77]	2056	0x200004A2	uint16_t	
[78]	2233	0x200004A4	uint16_t	
[79]	2055	0x200004A6	uint16_t	
[80]	2234	0x200004A8	uint16_t	
[81]	2055	0x200004AA	uint16_t	
[82]	2234	0x200004AC	uint16_t	
[83]	2056	0x200004AE	uint16_t	
[84]	2233	0x200004B0	uint16_t	
[85]	2054	0x200004B2	uint16_t	
[86]	2233	0x200004B4	uint16_t	
[87]	2053	0x200004B6	uint16_t	
[88]	2234	0x200004B8	uint16_t	
[89]	2055	0x200004BA	uint16_t	
[90]	2234	0x200004BC	uint16_t	
[91]	2056	0x200004BE	uint16_t	
[92]	2234	0x200004C0	uint16_t	
[93]	2055	0x200004C2	uint16_t	
[94]	2234	0x200004C4	uint16_t	
[95]	2055	0x200004C6	uint16_t	
[96]	2234	0x200004C8	uint16_t	
[97]	2056	0x200004CA	uint16_t	
[98]	2232	0x200004CC	uint16_t	
[99]	2054	0x200004CE	uint16_t	
[100]	2235	0x200004D0	uint16_t	
[101]	2056	0x200004D2	uint16_t	
[102]	2233	0x200004D4	uint16_t	
[103]	2055	0x200004D6	uint16_t	
[104]	2235	0x200004D8	uint16_t	
[105]	2053	0x200004DA	uint16_t	
[106]	2231	0x200004DC	uint16_t	
[107]	2055	0x200004DE	uint16_t	
[108]	2233	0x200004E0	uint16_t	
[109]	2055	0x200004E2	uint16_t	
[110]	2233	0x200004E4	uint16_t	
[111]	2056	0x200004E6	uint16_t	
[112]	2235	0x200004E8	uint16_t	
[113]	2055	0x200004EA	uint16_t	
[114]	2233	0x200004EC	uint16_t	
[115]	2054	0x200004EE	uint16_t	
[116]	2234	0x200004F0	uint16_t	
[117]	2055	0x200004F2	uint16_t	
[118]	2233	0x200004F4	uint16_t	
[119]	2054	0x200004F6	uint16_t	
[120]	2233	0x200004F8	uint16_t	
[121]	2055	0x200004FA	uint16_t	
[122]	2233	0x200004FC	uint16_t	
[123]	2055	0x200004FE	uint16_t	
[124]	2233	0x20000500	uint16_t	
[125]	2055	0x20000502	uint16_t	
[126]	2233	0x20000504	uint16_t	
[127]	2054	0x20000506	uint16_t	
[128]	2232	0x20000508	uint16_t	
[129]	2054	0x2000050A	uint16_t	
[130]	2234	0x2000050C	uint16_t	
[131]	2055	0x2000050E	uint16_t	
[132]	2235	0x20000510	uint16_t	
[133]	2054	0x20000512	uint16_t	
[134]	2230	0x20000514	uint16_t	
[135]	2055	0x20000516	uint16_t	
[136]	2233	0x20000518	uint16_t	
[137]	2054	0x2000051A	uint16_t	
[138]	2232	0x2000051C	uint16_t	
[139]	2055	0x2000051E	uint16_t	
[140]	2233	0x20000520	uint16_t	
[141]	2055	0x20000522	uint16_t	
[142]	2235	0x20000524	uint16_t	
[143]	2055	0x20000526	uint16_t	
[144]	2231	0x20000528	uint16_t	
[145]	2054	0x2000052A	uint16_t	
[146]	2232	0x2000052C	uint16_t	
[147]	2054	0x2000052E	uint16_t	
[148]	2234	0x20000530	uint16_t	
[149]	2054	0x20000532	uint16_t	
[150]	2232	0x20000534	uint16_t	
[151]	2053	0x20000536	uint16_t	
[152]	2232	0x20000538	uint16_t	
[153]	2055	0x2000053A	uint16_t	
[154]	2233	0x2000053C	uint16_t	
[155]	2055	0x2000053E	uint16_t	
[156]	2232	0x20000540	uint16_t	
[157]	2054	0x20000542	uint16_t	
[158]	2232	0x20000544	uint16_t	
[159]	2054	0x20000546	uint16_t	
[160]	2233	0x20000548	uint16_t	
[161]	2053	0x2000054A	uint16_t	
[162]	2233	0x2000054C	uint16_t	
[163]	2054	0x2000054E	uint16_t	
[164]	2232	0x20000550	uint16_t	
[165]	2054	0x20000552	uint16_t	
[166]	2231	0x20000554	uint16_t	
[167]	2053	0x20000556	uint16_t	
[168]	2232	0x20000558	uint16_t	
[169]	2054	0x2000055A	uint16_t	
[170]	2232	0x2000055C	uint16_t	
[171]	2053	0x2000055E	uint16_t	
[172]	2231	0x20000560	uint16_t	
[173]	2053	0x20000562	uint16_t	
[174]	2232	0x20000564	uint16_t	
[175]	2053	0x20000566	uint16_t	
[176]	2232	0x20000568	uint16_t	
[177]	2053	0x2000056A	uint16_t	
[178]	2231	0x2000056C	uint16_t	
[179]	2053	0x2000056E	uint16_t	
[180]	2230	0x20000570	uint16_t	
[181]	2053	0x20000572	uint16_t	
[182]	2233	0x20000574	uint16_t	
[183]	2054	0x20000576	uint16_t	
[184]	2230	0x20000578	uint16_t	
[185]	2053	0x2000057A	uint16_t	
[186]	2232	0x2000057C	uint16_t	
[187]	2053	0x2000057E	uint16_t	
[188]	2230	0x20000580	uint16_t	
[189]	2053	0x20000582	uint16_t	
[190]	2232	0x20000584	uint16_t	
[191]	2052	0x20000586	uint16_t	
[192]	2230	0x20000588	uint16_t	
[193]	2052	0x2000058A	uint16_t	
[194]	2231	0x2000058C	uint16_t	
[195]	2052	0x2000058E	uint16_t	
[196]	2228	0x20000590	uint16_t	
[197]	2054	0x20000592	uint16_t	
[198]	2231	0x20000594	uint16_t	
[199]	2053	0x20000596	uint16_t	
[200]	2229	0x20000598	uint16_t	
[201]	2053	0x2000059A	uint16_t	
[202]	2230	0x2000059C	uint16_t	
[203]	2052	0x2000059E	uint16_t	
[204]	2228	0x200005A0	uint16_t	
[205]	2051	0x200005A2	uint16_t	
[206]	2231	0x200005A4	uint16_t	
[207]	2052	0x200005A6	uint16_t	
[208]	2230	0x200005A8	uint16_t	
[209]	2053	0x200005AA	uint16_t	
[210]	2230	0x200005AC	uint16_t	
[211]	2052	0x200005AE	uint16_t	
[212]	2230	0x200005B0	uint16_t	
[213]	2053	0x200005B2	uint16_t	
[214]	2228	0x200005B4	uint16_t	
[215]	2052	0x200005B6	uint16_t	
[216]	2231	0x200005B8	uint16_t	
[217]	2051	0x200005BA	uint16_t	
[218]	2230	0x200005BC	uint16_t	
[219]	2052	0x200005BE	uint16_t	
[220]	2230	0x200005C0	uint16_t	
[221]	2052	0x200005C2	uint16_t	
[222]	2229	0x200005C4	uint16_t	
[223]	2052	0x200005C6	uint16_t	
[224]	2229	0x200005C8	uint16_t	
[225]	2051	0x200005CA	uint16_t	
[226]	2229	0x200005CC	uint16_t	
[227]	2052	0x200005CE	uint16_t	
[228]	2229	0x200005D0	uint16_t	
[229]	2052	0x200005D2	uint16_t	
[230]	2230	0x200005D4	uint16_t	
[231]	2050	0x200005D6	uint16_t	
[232]	2228	0x200005D8	uint16_t	
[233]	2052	0x200005DA	uint16_t	
[234]	2228	0x200005DC	uint16_t	
[235]	2051	0x200005DE	uint16_t	
[236]	2228	0x200005E0	uint16_t	
[237]	2051	0x200005E2	uint16_t	
[238]	2229	0x200005E4	uint16_t	
[239]	2052	0x200005E6	uint16_t	
[240]	2228	0x200005E8	uint16_t	
[241]	2051	0x200005EA	uint16_t	
[242]	2230	0x200005EC	uint16_t	
[243]	2051	0x200005EE	uint16_t	
[244]	2228	0x200005F0	uint16_t	
[245]	2051	0x200005F2	uint16_t	
[246]	2228	0x200005F4	uint16_t	
[247]	2051	0x200005F6	uint16_t	
[248]	2229	0x200005F8	uint16_t	
[249]	2051	0x200005FA	uint16_t	
[250]	2227	0x200005FC	uint16_t	
[251]	2052	0x200005FE	uint16_t	
[252]	2230	0x20000600	uint16_t	
[253]	2051	0x20000602	uint16_t	
[254]	2229	0x20000604	uint16_t	
[255]	2052	0x20000606	uint16_t	
